<?xml version="1.0" encoding="UTF-8"?>
<testsuite name="com.michael.autweeter.service.web.golf.PgaCrawlerTest" tests="1" skipped="0" failures="0" errors="0" timestamp="2024-04-04T22:07:54" hostname="Michaels-MacBook-Pro.local" time="0.026">
  <properties/>
  <testcase name="test()" classname="com.michael.autweeter.service.web.golf.PgaCrawlerTest" time="0.026"/>
  <system-out><![CDATA[20.000000 percent complete..
40.000000 percent complete..
60.000000 percent complete..
80.000000 percent complete..
100.000000 percent complete..
]]></system-out>
  <system-err><![CDATA[]]></system-err>
</testsuite>
